<?xml version="1.0" encoding="UTF-8"?>
<robot generator="Robot 5.0.1 (Python 3.10.4 on win32)" generated="20220526 17:55:38.995" rpa="false" schemaversion="3">
<suite id="s1" name="Robot Day1" source="D:\Advance_Robot_Python\Robot_1_Begin\robot_day1.robot">
<test id="s1-t1" name="1. เปิดเว็บไซต์ google" line="11">
<kw name="Open Browser" library="Selenium2Library">
<arg>${url}</arg>
<arg>${Browser}</arg>
<doc>Opens a new browser instance to the optional ``url``.</doc>
<msg timestamp="20220526 17:55:39.292" level="INFO">Opening browser 'chrome' to base url 'https://www.google.co.th/'.</msg>
<status status="PASS" starttime="20220526 17:55:39.292" endtime="20220526 17:55:44.599"/>
</kw>
<status status="PASS" starttime="20220526 17:55:39.290" endtime="20220526 17:55:44.600"/>
</test>
<test id="s1-t2" name="2. กรอกคำว่า Robot Framework" line="13">
<kw name="Input Text" library="Selenium2Library">
<arg>name=q</arg>
<arg>Robot Framework</arg>
<doc>Types the given ``text`` into the text field identified by ``locator``.</doc>
<msg timestamp="20220526 17:55:44.604" level="INFO">Typing text 'Robot Framework' into text field 'name=q'.</msg>
<status status="PASS" starttime="20220526 17:55:44.603" endtime="20220526 17:55:44.712"/>
</kw>
<kw name="Maximize Browser Window" library="Selenium2Library">
<doc>Maximizes current browser window.</doc>
<status status="PASS" starttime="20220526 17:55:44.713" endtime="20220526 17:55:44.967"/>
</kw>
<kw name="Set Selenium Speed" library="Selenium2Library">
<arg>0.3</arg>
<doc>Sets the delay that is waited after each Selenium command.</doc>
<status status="PASS" starttime="20220526 17:55:44.968" endtime="20220526 17:55:44.969"/>
</kw>
<status status="PASS" starttime="20220526 17:55:44.602" endtime="20220526 17:55:44.972"/>
</test>
<test id="s1-t3" name="3. กดค้นหา" line="19">
<kw name="Click Button" library="Selenium2Library">
<arg>name=btnK</arg>
<doc>Clicks the button identified by ``locator``.</doc>
<msg timestamp="20220526 17:55:44.979" level="INFO">Clicking button 'name=btnK'.</msg>
<status status="PASS" starttime="20220526 17:55:44.977" endtime="20220526 17:55:48.181"/>
</kw>
<status status="PASS" starttime="20220526 17:55:44.975" endtime="20220526 17:55:48.183"/>
</test>
<test id="s1-t4" name="4.คลิ๊กไปที่ Robot Framework" line="21">
<kw name="Click Element" library="Selenium2Library">
<arg>//h3[@class="LC20lb MBeuO DKV0Md"]</arg>
<doc>Click the element identified by ``locator``.</doc>
<msg timestamp="20220526 17:55:48.191" level="INFO">Clicking element '//h3[@class="LC20lb MBeuO DKV0Md"]'.</msg>
<status status="PASS" starttime="20220526 17:55:48.190" endtime="20220526 17:55:50.285"/>
</kw>
<status status="PASS" starttime="20220526 17:55:48.186" endtime="20220526 17:55:50.285"/>
</test>
<test id="s1-t5" name="5.เช็คหน้าเว็บ" line="23">
<kw name="Get Text" library="Selenium2Library">
<var>${result}</var>
<arg>//h1[@class="title"]</arg>
<doc>Returns the text value of the element identified by ``locator``.</doc>
<msg timestamp="20220526 17:55:50.989" level="INFO">${result} = ROBOT
FRAME
WORK🇺🇦</msg>
<status status="PASS" starttime="20220526 17:55:50.287" endtime="20220526 17:55:50.989"/>
</kw>
<kw name="Log To Console" library="BuiltIn">
<arg>${result}</arg>
<doc>Logs the given message to the console.</doc>
<status status="PASS" starttime="20220526 17:55:50.991" endtime="20220526 17:55:50.993"/>
</kw>
<status status="PASS" starttime="20220526 17:55:50.286" endtime="20220526 17:55:50.994"/>
</test>
<status status="PASS" starttime="20220526 17:55:38.997" endtime="20220526 17:55:50.997"/>
</suite>
<statistics>
<total>
<stat pass="5" fail="0" skip="0">All Tests</stat>
</total>
<tag>
</tag>
<suite>
<stat pass="5" fail="0" skip="0" id="s1" name="Robot Day1">Robot Day1</stat>
</suite>
</statistics>
<errors>
</errors>
</robot>
